May  7 13:54:32 2020 24573 7 9.1.3 jobSetupStatus: job additionalInfo reservation_id=846791
+ ulimit -s unlimited
+ RUN_ENVIR=notnco
+ export RUN_ENVIR
+ COMROOT=/gpfs/hps3/ptmp/Youhua.Tang/com
+ export COMROOT
+ NWROOT=/u/Youhua.Tang/noscrub/nwdev
+ export NWROOT
+ NWROOTp1=/nwprod
+ export NWROOTp1
+ cmaq_ver=v5.3.1
+ export cmaq_ver
+ envir=para
+ export envir
+ job=aqm_cmaq_cs
+ export job
+ PARAFLAG=YES
+ export PARAFLAG
+ SENDCOM=YES
+ export SENDCOM
+ SENDDBN=NO
+ export SENDDBN
+ SENDECF=NO
+ export SENDECF
+ FCST=YES
+ export FCST
+ /gpfs/hps3/emc/naqfc/noscrub/Youhua.Tang/nwdev/NAQFC-WCOSS/jobs/JAQM_FORECAST_CS
 0.199 + DATA=/gpfs/hps3/ptmp/Youhua.Tang/tmpnwprd/aqm_cmaq_cs.27977
 0.199 + export DATA
 0.199 + mkdir -p /gpfs/hps3/ptmp/Youhua.Tang/tmpnwprd/aqm_cmaq_cs.27977
 0.211 + cd /gpfs/hps3/ptmp/Youhua.Tang/tmpnwprd/aqm_cmaq_cs.27977
 0.211 + cycle=t12z
 0.211 + export cycle
 0.211 + setpdy.sh
 0.655 + . PDY
 0.659 + PDYm7=20190705
 0.659 + export PDYm7
 0.659 + PDYm6=20190706
 0.659 + export PDYm6
 0.659 + PDYm5=20190707
 0.659 + export PDYm5
 0.659 + PDYm4=20190708
 0.659 + export PDYm4
 0.659 + PDYm3=20190709
 0.659 + export PDYm3
 0.659 + PDYm2=20190710
 0.659 + export PDYm2
 0.659 + PDYm1=20190711
 0.659 + export PDYm1
 0.659 + PDY=20190712
 0.659 + export PDY
 0.659 + PDYp1=20190713
 0.659 + export PDYp1
 0.659 + PDYp2=20190714
 0.659 + export PDYp2
 0.659 + PDYp3=20190715
 0.659 + export PDYp3
 0.659 + PDYp4=20190716
 0.659 + export PDYp4
 0.659 + PDYp5=20190717
 0.659 + export PDYp5
 0.659 + PDYp6=20190718
 0.659 + export PDYp6
 0.659 + PDYp7=20190719
 0.659 + export PDYp7
 0.659 + SENDDBN=NO
 0.659 + export SENDDBN
 0.659 + SENDECF=NO
 0.659 + export SENDECF
 0.659 + SENDCOM=YES
 0.659 + export SENDCOM
 0.659 + HOMEaqm=/gpfs/hps3/emc/naqfc/noscrub/Youhua.Tang/nwdev/NAQFC-WCOSS
 0.659 + export HOMEaqm
 0.659 + USHaqm=/gpfs/hps3/emc/naqfc/noscrub/Youhua.Tang/nwdev/NAQFC-WCOSS/ush
 0.659 + export USHaqm
 0.659 + EXECaqm=/gpfs/hps3/emc/naqfc/noscrub/Youhua.Tang/nwdev/NAQFC-WCOSS/exec
 0.659 + export EXECaqm
 0.659 + PARMaqm=/gpfs/hps3/emc/naqfc/noscrub/Youhua.Tang/nwdev/NAQFC-WCOSS/parm
 0.659 + export PARMaqm
 0.659 + FIXaqm=/gpfs/hps3/emc/naqfc/noscrub/Youhua.Tang/nwdev/NAQFC-WCOSS/fix
 0.659 + export FIXaqm
 0.659 + UTILaqm=/gpfs/hps3/emc/naqfc/noscrub/Youhua.Tang/nwdev/NAQFC-WCOSS/util
 0.659 + export UTILaqm
 0.659 + EMISpath=/gpfs/hps3/emc/naqfc/noscrub/Youhua.Tang/emission/nei2016v1/201907
 0.659 + export EMISpath
 0.659 + NET=aqm
 0.659 + export NET
 0.659 + RUN=aqm
 0.659 + export RUN
 0.659 + COMIN=/gpfs/hps3/ptmp/Youhua.Tang/com/aqm/para/aqm.20190712
 0.659 + export COMIN
 0.659 + COMINm1=/gpfs/hps3/ptmp/Youhua.Tang/com/aqm/para/aqm.20190711
 0.659 + export COMINm1
 0.659 + COMINm2=/gpfs/hps3/ptmp/Youhua.Tang/com/aqm/para/aqm.20190710
 0.659 + export COMINm2
 0.659 + COMINm3=/gpfs/hps3/ptmp/Youhua.Tang/com/aqm/para/aqm.20190709
 0.659 + export COMINm3
 0.659 + COMOUT=/gpfs/hps3/ptmp/Youhua.Tang/com/aqm/para/aqm.20190712
 0.659 + export COMOUT
 0.659 + COMOUTm1=/gpfs/hps3/ptmp/Youhua.Tang/com/aqm/para/aqm.20190711
 0.659 + export COMOUTm1
 0.659 + jlogfile=/gpfs/hps3/ptmp/Youhua.Tang/com/logs/jlogfiles/jlogfile.27977
 0.659 + export jlogfile
 0.659 + mkdir -p /gpfs/hps3/ptmp/Youhua.Tang/com/aqm/para/aqm.20190712
 0.666 + pgmout=OUTPUT.24648
 0.666 + export pgmout
 0.666 + KEEPDATA=YES
 0.666 + export KEEPDATA
 0.666 + env
 0.676 + /gpfs/hps3/emc/naqfc/noscrub/Youhua.Tang/nwdev/NAQFC-WCOSS/scripts/exaqm_cmaqv531_cs.sh.ecf
 0.002 + msg='JOB aqm_cmaq_cs HAS BEGUN'
 0.002 + postmsg /gpfs/hps3/ptmp/Youhua.Tang/com/logs/jlogfiles/jlogfile.27977 'JOB aqm_cmaq_cs HAS BEGUN'
/gpfs/hps/nco/ops/nwprod/prod_util.v1.1.0/ush/postmsg: line 30: /gpfs/hps3/ptmp/Youhua.Tang/com/logs/jlogfiles/jlogfile.27977: No such file or directory
 0.025 + pgm=aqm_fcst
 0.025 + export pgm
 0.025 + cd /gpfs/hps3/ptmp/Youhua.Tang/tmpnwprd/aqm_cmaq_cs.27977
 0.025 + EXEC=aqm_fcst_v531.debug
 0.025 + CFG=CCTM_v531
 0.025 + MECH=cb6r3_ae7_aq
 0.025 + APPL=v531
 0.025 + SINGLECYC=YES
 0.025 + NPCOL_NPROW='24 24'
 0.025 + export NPCOL_NPROW
 0.025 + nprocs=576
 0.025 + export nprocs
 0.025 + [ YES '=' YES ]
 0.025 + date2julian 20190713
 0.026 + echo 20190713
 0.026 + cut -c1-4
 0.034 + yyyy=2019
 0.035 + echo 20190713
 0.035 + cut -c5-6
 0.042 + mm=07
 0.042 + echo 20190713
 0.042 + cut -c7-8
 0.049 + dd=13
 0.049 + date -d 2019/07/13 +%j
 0.059 + jjj=194
 0.059 + typeset -Z3 jjj
 0.059 + echo 2019194
 0.059 + yyyydddp1=2019194
 0.059 + restart_file1=/gpfs/hps3/ptmp/Youhua.Tang/com/aqm/para/aqm.20190711/aqm.t12z.cgrid_r.ncf
 0.059 + restart_log1=/gpfs/hps3/ptmp/Youhua.Tang/com/aqm/para/aqm.20190711/aqm.t12z.log
 0.059 + restart_file2=/gpfs/hps3/ptmp/Youhua.Tang/com/aqm/para/aqm.20190712/aqm.t06z.cgrid.ncf
 0.059 + restart_log2=/gpfs/hps3/ptmp/Youhua.Tang/com/aqm/para/aqm.20190712/aqm.t06z.log
 0.059 + restart_file3=/gpfs/hps3/ptmp/Youhua.Tang/com/aqm/para/aqm.20190711/aqm.t12z.cgrid.ncf
 0.059 + restart_log3=/gpfs/hps3/ptmp/Youhua.Tang/com/aqm/para/aqm.20190711/aqm.t12z.log
 0.059 + restart_file4=/gpfs/hps3/ptmp/Youhua.Tang/com/aqm/para/aqm.20190711/aqm.t06z.cgrid.ncf
 0.059 + restart_log4=/gpfs/hps3/ptmp/Youhua.Tang/com/aqm/para/aqm.20190711/aqm.t06z.log
 0.059 + restart_file5=/gpfs/hps3/ptmp/Youhua.Tang/com/aqm/para/aqm.20190710/aqm.t12z.cgrid.ncf
 0.059 + restart_log5=/gpfs/hps3/ptmp/Youhua.Tang/com/aqm/para/aqm.20190710/aqm.t12z.log
 0.059 + [ YES '=' YES ]
 0.059 + soil_file=/gpfs/hps3/ptmp/Youhua.Tang/com/aqm/para/aqm.20190711/aqm.t12z.soil24.ncf
 0.059 + SOILOUT_EDATE=2019194
 0.059 + export SOILOUT_EDATE
 0.059 + SOILOUT_ETIME=120000
 0.059 + export SOILOUT_ETIME
 0.059 + NSTEPS=720000
 0.059 + [ -s /gpfs/hps3/ptmp/Youhua.Tang/com/aqm/para/aqm.20190711/aqm.t12z.cgrid_r.ncf ]
 0.059 + [ -s /gpfs/hps3/ptmp/Youhua.Tang/com/aqm/para/aqm.20190712/aqm.t06z.cgrid.ncf ]
 0.060 + [ -s /gpfs/hps3/ptmp/Youhua.Tang/com/aqm/para/aqm.20190711/aqm.t12z.cgrid.ncf ]
 0.060 + restart_file=/gpfs/hps3/ptmp/Youhua.Tang/com/aqm/para/aqm.20190711/aqm.t12z.cgrid.ncf
 0.060 + restart_log=/gpfs/hps3/ptmp/Youhua.Tang/com/aqm/para/aqm.20190711/aqm.t12z.log
 0.060 + [ -s /gpfs/hps3/ptmp/Youhua.Tang/com/aqm/para/aqm.20190711/aqm.t12z.cgrid.ncf ]
 0.060 + START=WARM
 0.060 + export START
 0.060 + NEW_START=N
 0.060 + export NEW_START
 0.060 + echo WARM
 0.060 + [ YES '=' YES ]
 0.060 + date2julian 20190712
 0.060 + echo 20190712
 0.060 + cut -c1-4
 0.068 + yyyy=2019
 0.068 + echo 20190712
 0.068 + cut -c5-6
 0.076 + mm=07
 0.076 + echo 20190712
 0.076 + cut -c7-8
 0.083 + dd=12
 0.083 + date -d 2019/07/12 +%j
 0.092 + jjj=193
 0.092 + typeset -Z3 jjj
 0.092 + echo 2019193
 0.092 + STDATE=2019193
 0.092 + STTIME=120000
 0.092 + TSTEP=010000
 0.093 + echo 20190712
 0.093 + cut -c1-6
 0.100 + yyyymm=201907
 0.100 + GRIDDESC=/gpfs/hps3/emc/naqfc/noscrub/Youhua.Tang/nwdev/NAQFC-WCOSS/parm/aqm_griddesc05
 0.100 + export GRIDDESC
 0.100 + GRID_NAME=AQF_CONUS_5x
 0.100 + export GRID_NAME
 0.100 + LOGFILE=/gpfs/hps3/ptmp/Youhua.Tang/tmpnwprd/aqm_cmaq_cs.27977/v531.log
 0.100 + export LOGFILE
 0.100 + CONC_SPCS=ALL
 0.100 + export CONC_SPCS
 0.100 + AVG_CONC_SPCS=ALL
 0.100 + export AVG_CONC_SPCS
 0.100 + ACONC_BLEV_ELEV=' 1 1'
 0.100 + export ACONC_BLEV_ELEV
 0.100 + AVG_FILE_ENDTIME=N
 0.100 + export AVG_FILE_ENDTIME
 0.100 + CTM_MAXSYNC=720
 0.100 + export CTM_MAXSYNC
 0.100 + CTM_MINSYNC=60
 0.100 + export CTM_MINSYNC
 0.100 + CTM_CKSUM=Y
 0.100 + export CTM_CKSUM
 0.100 + CLD_DIAG=N
 0.100 + export CLD_DIAG
 0.100 + CTM_AERDIAG=Y
 0.100 + export CTM_AERDIAG
 0.100 + CTM_PHOTDIAG=Y
 0.100 + export CTM_PHOTDIAG
 0.100 + CTM_SSEMDIAG=N
 0.100 + export CTM_SSEMDIAG
 0.100 + CTM_WB_DUST=N
 0.100 + export CTM_WB_DUST
 0.100 + CTM_ERODE_AGLAND=N
 0.100 + export CTM_ERODE_AGLAND
 0.100 + CTM_DUSTEM_DIAG=N
 0.100 + export CTM_DUSTEM_DIAG
 0.100 + CTM_LTNG_NO=N
 0.100 + export CTM_LTNG_NO
 0.100 + CTM_WVEL=Y
 0.100 + export CTM_WVEL
 0.100 + KZMIN=Y
 0.100 + export KZMIN
 0.100 + CTM_ILDEPV=Y
 0.100 + export CTM_ILDEPV
 0.100 + CTM_MOSAIC=N
 0.100 + export CTM_MOSAIC
 0.100 + CTM_ABFLUX=N
 0.100 + export CTM_ABFLUX
 0.100 + CTM_HGBIDI=N
 0.100 + export CTM_HGBIDI
 0.100 + CTM_SFC_HONO=Y
 0.100 + export CTM_SFC_HONO
 0.100 + CTM_DEPV_FILE=Y
 0.100 + export CTM_DEPV_FILE
 0.100 + CTM_BIOGEMIS=Y
 0.100 + export CTM_BIOGEMIS
 0.100 + B3GTS_DIAG=Y
 0.100 + export B3GTS_DIAG
 0.100 + CTM_PT3DEMIS=Y
 0.100 + export CTM_PT3DEMIS
 0.100 + PT3DDIAG=Y
 0.100 + export PT3DDIAG
 0.100 + PT3DFRAC=N
 0.100 + export PT3DFRAC
 0.100 + IOAPI_LOG_WRITE=F
 0.100 + export IOAPI_LOG_WRITE
 0.100 + FL_ERR_STOP=N
 0.100 + export FL_ERR_STOP
 0.100 + PROMPTFLAG=F
 0.100 + export PROMPTFLAG
 0.100 + IOAPI_OFFSET_64=YES
 0.100 + export IOAPI_OFFSET_64
 0.100 + PX_VERSION=N
 0.100 + export PX_VERSION
 0.100 + CLM_VERSION=N
 0.100 + export CLM_VERSION
 0.100 + NOAH_VERSION=Y
 0.100 + export NOAH_VERSION
 0.100 + SIGMA_SYNC_TOP=0.7
 0.100 + export SIGMA_SYNC_TOP
 0.100 + CTM_ADV_CFL=0.95
 0.100 + export CTM_ADV_CFL
 0.100 + CTM_OCEAN_CHEM=Y
 0.100 + export CTM_OCEAN_CHEM
 0.100 + CTM_WBDUST_BELD=BELD3
 0.100 + export CTM_WBDUST_BELD
 0.100 + CTM_FST=N
 0.100 + export CTM_FST
 0.100 + CTM_BIDI_FERT_NH3=F
 0.100 + export CTM_BIDI_FERT_NH3
 0.100 + CTM_GRAV_SETL=Y
 0.100 + export CTM_GRAV_SETL
 0.100 + VERTEXT=N
 0.100 + export VERTEXT
 0.100 + VERTEXT_COORD_PATH=/gpfs/hps3/emc/naqfc/noscrub/Youhua.Tang/nwdev/NAQFC-WCOSS/scripts/lonlat.csv
 0.100 + export VERTEXT_COORD_PATH
 0.100 + IOAPI_CHECK_HEADERS=N
 0.100 + export IOAPI_CHECK_HEADERS
 0.100 + CTM_EMISCHK=N
 0.100 + export CTM_EMISCHK
 0.100 + EMISDIAG=F
 0.100 + export EMISDIAG
 0.100 + EMIS_SYM_DATE=N
 0.100 + export EMIS_SYM_DATE
 0.100 + EMISDIAG_SUM=F
 0.100 + export EMISDIAG_SUM
 0.100 + NLAYS_PHOTDIAG=1
 0.100 + export NLAYS_PHOTDIAG
 0.100 + CTM_PMDIAG=Y
 0.100 + export CTM_PMDIAG
 0.100 + CTM_APMDIAG=Y
 0.100 + export CTM_APMDIAG
 0.100 + APMDIAG_BLEV_ELEV='1 1'
 0.100 + export APMDIAG_BLEV_ELEV
 0.100 + VDIFF_DIAG_FILE=N
 0.100 + export VDIFF_DIAG_FILE
 0.100 + LTNGDIAG=N
 0.100 + export LTNGDIAG
 0.100 + DISP=delete
 0.100 + EMISpath=/gpfs/hps3/emc/naqfc/noscrub/Youhua.Tang/emission/nei2016v1/201907
 0.100 + [ YES '=' YES ]
 0.100 + METpath=/gpfs/hps3/ptmp/Youhua.Tang/com/aqm/para/aqm.20190712
 0.100 + BCpath=/gpfs/hps3/ptmp/Youhua.Tang/com/aqm/para/aqm.20190712
 0.100 + OMIfile=OMI_1979_to_2017.dat
 0.100 + echo /gpfs/hps3/ptmp/Youhua.Tang/com/aqm/para/aqm.20190712
 0.100 + [ ! -s /gpfs/hps3/ptmp/Youhua.Tang/com/aqm/para/aqm.20190712/aqm.t12z.metcro3d.ncf ]
 0.101 + EMISSCTRL_NML=/gpfs/hps3/emc/naqfc/noscrub/Youhua.Tang/nwdev/NAQFC-WCOSS/parm/EmissCtrl_cb6r3_ae7_aq.nml
 0.101 + export EMISSCTRL_NML
 0.101 + GRID_CRO_2D=/gpfs/hps3/emc/naqfc/noscrub/Youhua.Tang/nwdev/NAQFC-WCOSS/fix/aqm.static.grdcro2d-5x.ncf
 0.101 + export GRID_CRO_2D
 0.101 + GRID_DOT_2D=/gpfs/hps3/ptmp/Youhua.Tang/com/aqm/para/aqm.20190712/aqm.t12z.grddot2d.ncf
 0.101 + export GRID_DOT_2D
 0.101 + MET_CRO_2D=/gpfs/hps3/ptmp/Youhua.Tang/com/aqm/para/aqm.20190712/aqm.t12z.metcro2d.ncf
 0.101 + export MET_CRO_2D
 0.101 + MET_CRO_3D=/gpfs/hps3/ptmp/Youhua.Tang/com/aqm/para/aqm.20190712/aqm.t12z.metcro3d.ncf
 0.101 + export MET_CRO_3D
 0.101 + MET_DOT_3D=/gpfs/hps3/ptmp/Youhua.Tang/com/aqm/para/aqm.20190712/aqm.t12z.metdot3d.ncf
 0.101 + export MET_DOT_3D
 0.101 + MET_BDY_3D=/gpfs/hps3/ptmp/Youhua.Tang/com/aqm/para/aqm.20190712/aqm.t12z.metbdy3d.ncf
 0.101 + export MET_BDY_3D
 0.101 + N_EMIS_GR=1
 0.101 + export N_EMIS_GR
 0.101 + GR_EMIS_001=/gpfs/hps3/emc/naqfc/noscrub/Youhua.Tang/emission/nei2016v1/201907/emis-nei2016v1-cb6-201907.ncf
 0.101 + export GR_EMIS_001
 0.101 + GR_EMIS_LAB_001=GRIDDED_EMIS
 0.101 + export GR_EMIS_LAB_001
 0.101 + GR_EM_SYM_DATE_001=F
 0.101 + export GR_EM_SYM_DATE_001
 0.101 + ic=0
 0.101 + [ -s /gpfs/hps3/emc/naqfc/noscrub/Youhua.Tang/emission/nei2016v1/201907/inln_mole_ptegu_201907_12US_5x_cmaq_cb6_2016fh_16j.ncf ]
 0.102 + [ -s /gpfs/hps3/emc/naqfc/noscrub/Youhua.Tang/emission/nei2016v1/201907/stack_groups_ptegu_12US_5x_cmaq_cb6_2016fh_16j.ncf ]
 0.102 + [ -s /gpfs/hps3/emc/naqfc/noscrub/Youhua.Tang/emission/nei2016v1/201907/inln_mole_ptnonipm_201907_12US_5x_cmaq_cb6_2016fh_16j.ncf ]
 0.103 + [ -s /gpfs/hps3/emc/naqfc/noscrub/Youhua.Tang/emission/nei2016v1/201907/stack_groups_ptnonipm_12US_5x_cmaq_cb6_2016fh_16j.ncf ]
 0.103 + [ -s /gpfs/hps3/emc/naqfc/noscrub/Youhua.Tang/emission/nei2016v1/201907/inln_mole_pt_oilgas_201907_12US_5x_cmaq_cb6_2016fh_16j.ncf ]
 0.103 + [ -s /gpfs/hps3/emc/naqfc/noscrub/Youhua.Tang/emission/nei2016v1/201907/stack_groups_pt_oilgas_12US_5x_cmaq_cb6_2016fh_16j.ncf ]
 0.103 + [ -s /gpfs/hps3/emc/naqfc/noscrub/Youhua.Tang/emission/nei2016v1/201907/inln_mole_cmv_c1c2_12_201907_12US_5x_cmaq_cb6_2016fh_16j.ncf ]
 0.104 + [ -s /gpfs/hps3/emc/naqfc/noscrub/Youhua.Tang/emission/nei2016v1/201907/stack_groups_cmv_c1c2_12_12US_5x_cmaq_cb6_2016fh_16j.ncf ]
 0.104 + [ -s /gpfs/hps3/emc/naqfc/noscrub/Youhua.Tang/emission/nei2016v1/201907/inln_mole_cmv_c3_12_201907_12US_5x_cmaq_cb6_2016fh_16j.ncf ]
 0.105 + [ -s /gpfs/hps3/emc/naqfc/noscrub/Youhua.Tang/emission/nei2016v1/201907/stack_groups_cmv_c3_12_12US_5x_cmaq_cb6_2016fh_16j.ncf ]
 0.105 + [ -s /gpfs/hps3/emc/naqfc/noscrub/Youhua.Tang/emission/nei2016v1/201907/inln_mole_othpt_201907_12US_5x_cmaq_cb6_2016fh_16j.ncf ]
 0.106 + [ -s /gpfs/hps3/emc/naqfc/noscrub/Youhua.Tang/emission/nei2016v1/201907/stack_groups_othpt_12US_5x_cmaq_cb6_2016fh_16j.ncf ]
 0.106 + [ YES '=' YES ]
 0.106 + [ 12 -eq 00 ]
 0.106 + FIRE_DIR=/gpfs/hps3/ptmp/Youhua.Tang/com/aqm/para/aqm.20190712
 0.106 + [ 12 -eq 18 ]
 0.106 + FIRE_SUFFIX=t12z
 0.106 + [ -s /gpfs/hps3/ptmp/Youhua.Tang/com/aqm/para/aqm.20190712/aqm.t12z.fire_emi_cs_r.ncf ]
 0.107 + [ -s /gpfs/hps3/ptmp/Youhua.Tang/com/aqm/para/aqm.20190712/aqm.t12z.fire_emi_cs.ncf ]
 0.107 + [ 0 -le 0 ]
 0.107 + CTM_PT3DEMIS=N
 0.107 + export CTM_PT3DEMIS
 0.107 + [[ N == N ]]
 0.107 + ICFILE=/gpfs/hps3/ptmp/Youhua.Tang/com/aqm/para/aqm.20190711/aqm.t12z.cgrid.ncf
 0.107 + export ICFILE
 0.107 + [ Y '=' Y ]
 0.107 + GSPRO=/gpfs/hps3/emc/naqfc/noscrub/Youhua.Tang/nwdev/NAQFC-WCOSS/fix/gspro_biog_static_2012_naqfc.txt
 0.107 + export GSPRO
 0.107 + B3GRD=/gpfs/hps3/emc/naqfc/noscrub/Youhua.Tang/nwdev/NAQFC-WCOSS/fix/b3grd_CONUS_bv314.ncf
 0.107 + export B3GRD
 0.107 + BIOG_SPRO=B10C5
 0.107 + export BIOG_SPRO
 0.107 + BIOSW_YN=N
 0.107 + export BIOSW_YN
 0.107 + SUMMER_YN=Y
 0.107 + export SUMMER_YN
 0.107 + PX_VERSION=N
 0.107 + export PX_VERSION
 0.107 + B3GTS_DIAG=Y
 0.107 + export B3GTS_DIAG
 0.107 + SOILINP=/gpfs/hps3/ptmp/Youhua.Tang/com/aqm/para/aqm.20190711/aqm.t12z.soil24.ncf
 0.107 + export SOILINP
 0.107 + [ -s /gpfs/hps3/ptmp/Youhua.Tang/com/aqm/para/aqm.20190711/aqm.t12z.soil24.ncf ]
 0.107 + NEW_START=Y
 0.107 + export NEW_START
 0.107 + [ N '==' Y ]
 0.107 + [ N '==' Y ]
 0.107 + OCEAN_1=/gpfs/hps3/emc/naqfc/noscrub/Youhua.Tang/nwdev/NAQFC-WCOSS/fix/SSMASK_US12_442X265_igbp2010.ncf
 0.107 + export OCEAN_1
 0.107 + CTM_APPL=CCTM_v531
 0.107 + export CTM_APPL
 0.107 + [ Y '=' Y ]
 0.107 + B3GTS_S=/gpfs/hps3/ptmp/Youhua.Tang/tmpnwprd/aqm_cmaq_cs.27977/B3GTS_S.CCTM_v531
 0.107 + export B3GTS_S
 0.107 + SOILOUT=/gpfs/hps3/ptmp/Youhua.Tang/tmpnwprd/aqm_cmaq_cs.27977/SOILOUT.CCTM_v531
 0.107 + export SOILOUT
 0.107 + FLOOR_FILE=/gpfs/hps3/ptmp/Youhua.Tang/tmpnwprd/aqm_cmaq_cs.27977/FLOOR_CCTM_v531
 0.107 + export FLOOR_FILE
 0.108 + ls 'CTM_LOG_*.CCTM_v531'
ls: cannot access CTM_LOG_*.CCTM_v531: No such file or directory
 0.123 + test=''
 0.123 + [ '' '!=' '' ]
 0.123 + [[ t12z == t00z ]]
 0.123 + [[ YES == NO ]]
 0.123 + BNDY_GASC_1=/gpfs/hps3/ptmp/Youhua.Tang/com/aqm/para/aqm.20190712/aqm_conus_geos_fv3chem_aero_20190712_35L.ncf
 0.123 + export BNDY_GASC_1
 0.123 + [ ! -f /gpfs/hps3/ptmp/Youhua.Tang/com/aqm/para/aqm.20190712/aqm_conus_geos_fv3chem_aero_20190712_35L.ncf ]
 0.123 + BNDY_AERO_1=/gpfs/hps3/ptmp/Youhua.Tang/com/aqm/para/aqm.20190712/aqm_conus_geos_fv3chem_aero_20190712_35L.ncf
 0.123 + export BNDY_AERO_1
 0.123 + BNDY_NONR_1=/gpfs/hps3/ptmp/Youhua.Tang/com/aqm/para/aqm.20190712/aqm_conus_geos_fv3chem_aero_20190712_35L.ncf
 0.123 + export BNDY_NONR_1
 0.123 + BNDY_TRAC_1=/gpfs/hps3/ptmp/Youhua.Tang/com/aqm/para/aqm.20190712/aqm_conus_geos_fv3chem_aero_20190712_35L.ncf
 0.123 + export BNDY_TRAC_1
 0.123 + BCFILE=/gpfs/hps3/ptmp/Youhua.Tang/com/aqm/para/aqm.20190712/aqm_conus_geos_fv3chem_aero_20190712_35L.ncf
 0.123 + export BCFILE
 0.123 + CTM_STDATE=2019193
 0.123 + export CTM_STDATE
 0.123 + CTM_STTIME=120000
 0.123 + export CTM_STTIME
 0.123 + CTM_RUNLEN=720000
 0.123 + export CTM_RUNLEN
 0.123 + CTM_TSTEP=010000
 0.123 + export CTM_TSTEP
 0.123 + EMIS_1=/gpfs/hps3/emc/naqfc/noscrub/Youhua.Tang/emission/nei2016v1/201907/emis-nei2016v1-cb6-201907.ncf
 0.123 + export EMIS_1
 0.123 + EMIS_2=''
 0.123 + export EMIS_2
 0.123 + INIT_GASC_1=/gpfs/hps3/ptmp/Youhua.Tang/com/aqm/para/aqm.20190711/aqm.t12z.cgrid.ncf
 0.123 + export INIT_GASC_1
 0.123 + INIT_AERO_1=/gpfs/hps3/ptmp/Youhua.Tang/com/aqm/para/aqm.20190711/aqm.t12z.cgrid.ncf
 0.123 + export INIT_AERO_1
 0.123 + INIT_NONR_1=/gpfs/hps3/ptmp/Youhua.Tang/com/aqm/para/aqm.20190711/aqm.t12z.cgrid.ncf
 0.123 + export INIT_NONR_1
 0.123 + INIT_TRAC_1=/gpfs/hps3/ptmp/Youhua.Tang/com/aqm/para/aqm.20190711/aqm.t12z.cgrid.ncf
 0.123 + export INIT_TRAC_1
 0.123 + OMI=/gpfs/hps3/emc/naqfc/noscrub/Youhua.Tang/nwdev/NAQFC-WCOSS/fix/OMI_1979_to_2017.dat
 0.123 + export OMI
 0.123 + INIT_CONC_1=/gpfs/hps3/ptmp/Youhua.Tang/com/aqm/para/aqm.20190711/aqm.t12z.cgrid.ncf
 0.123 + export INIT_CONC_1
 0.123 + BNDY_CONC_1=/gpfs/hps3/ptmp/Youhua.Tang/com/aqm/para/aqm.20190712/aqm_conus_geos_fv3chem_aero_20190712_35L.ncf
 0.123 + export BNDY_CONC_1
 0.123 + OPTICS_DATA=/gpfs/hps3/emc/naqfc/noscrub/Youhua.Tang/nwdev/NAQFC-WCOSS/parm/PHOT_OPTICS.dat
 0.123 + export OPTICS_DATA
 0.123 + TR_DVpath=/gpfs/hps3/ptmp/Youhua.Tang/com/aqm/para/aqm.20190712
 0.123 + TR_DVfile=/gpfs/hps3/ptmp/Youhua.Tang/com/aqm/para/aqm.20190712/aqm.t12z.metcro2d.ncf
 0.123 + gc_matrix_nml=/gpfs/hps3/emc/naqfc/noscrub/Youhua.Tang/nwdev/NAQFC-WCOSS/parm/GC_cb6r3_ae7_aq.nml
 0.123 + export gc_matrix_nml
 0.124 + ae_matrix_nml=/gpfs/hps3/emc/naqfc/noscrub/Youhua.Tang/nwdev/NAQFC-WCOSS/parm/AE_cb6r3_ae7_aq.nml
 0.124 + export ae_matrix_nml
 0.124 + nr_matrix_nml=/gpfs/hps3/emc/naqfc/noscrub/Youhua.Tang/nwdev/NAQFC-WCOSS/parm/NR_cb6r3_ae7_aq.nml
 0.124 + export nr_matrix_nml
 0.124 + tr_matrix_nml=/gpfs/hps3/emc/naqfc/noscrub/Youhua.Tang/nwdev/NAQFC-WCOSS/parm/Species_Table_TR_0.nml
 0.124 + export tr_matrix_nml
 0.124 + CSQY_DATA=/gpfs/hps3/emc/naqfc/noscrub/Youhua.Tang/nwdev/NAQFC-WCOSS/parm/CSQY_DATA_cb6r3_ae7_aq
 0.124 + export CSQY_DATA
 0.124 + [ ! -e /gpfs/hps3/emc/naqfc/noscrub/Youhua.Tang/nwdev/NAQFC-WCOSS/parm/CSQY_DATA_cb6r3_ae7_aq ]
 0.124 + CTM_CONC_1=/gpfs/hps3/ptmp/Youhua.Tang/tmpnwprd/aqm_cmaq_cs.27977/CONC.CCTM_v531
 0.124 + export CTM_CONC_1
 0.124 + A_CONC_1=/gpfs/hps3/ptmp/Youhua.Tang/tmpnwprd/aqm_cmaq_cs.27977/ACONC.CCTM_v531
 0.124 + export A_CONC_1
 0.124 + S_CGRID=/gpfs/hps3/ptmp/Youhua.Tang/tmpnwprd/aqm_cmaq_cs.27977/CGRID.CCTM_v531
 0.124 + export S_CGRID
 0.124 + CTM_DRY_DEP_1=/gpfs/hps3/ptmp/Youhua.Tang/tmpnwprd/aqm_cmaq_cs.27977/DRYDEP.CCTM_v531
 0.124 + export CTM_DRY_DEP_1
 0.124 + CTM_WET_DEP_1=/gpfs/hps3/ptmp/Youhua.Tang/tmpnwprd/aqm_cmaq_cs.27977/WETDEP1.CCTM_v531
 0.124 + export CTM_WET_DEP_1
 0.124 + CTM_DEPV_DIAG=/gpfs/hps3/ptmp/Youhua.Tang/tmpnwprd/aqm_cmaq_cs.27977/DEPV.CCTM_v531
 0.124 + export CTM_DEPV_DIAG
 0.124 + B3GTS_S=/gpfs/hps3/ptmp/Youhua.Tang/tmpnwprd/aqm_cmaq_cs.27977/B3GTS_S.CCTM_v531
 0.124 + export B3GTS_S
 0.124 + SOILOUT=/gpfs/hps3/ptmp/Youhua.Tang/tmpnwprd/aqm_cmaq_cs.27977/SOILOUT.CCTM_v531
 0.124 + export SOILOUT
 0.124 + CTM_DUST_EMIS_1=/gpfs/hps3/ptmp/Youhua.Tang/tmpnwprd/aqm_cmaq_cs.27977/DUST_EMIS.CCTM_v531
 0.124 + export CTM_DUST_EMIS_1
 0.124 + CTM_PMDIAG_1=/gpfs/hps3/ptmp/Youhua.Tang/tmpnwprd/aqm_cmaq_cs.27977/PMDIAG.CCTM_v531
 0.124 + export CTM_PMDIAG_1
 0.124 + CTM_APMDIAG_1=/gpfs/hps3/ptmp/Youhua.Tang/tmpnwprd/aqm_cmaq_cs.27977/APMDIAG.CCTM_v531
 0.124 + export CTM_APMDIAG_1
 0.124 + CTM_RJ_1=/gpfs/hps3/ptmp/Youhua.Tang/tmpnwprd/aqm_cmaq_cs.27977/RJ_1.CCTM_v531
 0.124 + export CTM_RJ_1
 0.124 + CTM_RJ_2=/gpfs/hps3/ptmp/Youhua.Tang/tmpnwprd/aqm_cmaq_cs.27977/RJ_2.CCTM_v531
 0.124 + export CTM_RJ_2
 0.124 + CTM_RJ_3=/gpfs/hps3/ptmp/Youhua.Tang/tmpnwprd/aqm_cmaq_cs.27977/RJ_3.CCTM_v531
 0.124 + export CTM_RJ_3
 0.124 + flist1='/gpfs/hps3/ptmp/Youhua.Tang/tmpnwprd/aqm_cmaq_cs.27977/CONC.CCTM_v531 /gpfs/hps3/ptmp/Youhua.Tang/tmpnwprd/aqm_cmaq_cs.27977/CGRID.CCTM_v531 /gpfs/hps3/ptmp/Youhua.Tang/tmpnwprd/aqm_cmaq_cs.27977/ACONC.CCTM_v531 /gpfs/hps3/ptmp/Youhua.Tang/tmpnwprd/aqm_cmaq_cs.27977/DRYDEP.CCTM_v531 /gpfs/hps3/ptmp/Youhua.Tang/tmpnwprd/aqm_cmaq_cs.27977/DEPV.CCTM_v531 '
 0.124 + flist2='/gpfs/hps3/ptmp/Youhua.Tang/tmpnwprd/aqm_cmaq_cs.27977/B3GTS_S.CCTM_v531 /gpfs/hps3/ptmp/Youhua.Tang/tmpnwprd/aqm_cmaq_cs.27977/SOILOUT.CCTM_v531 /gpfs/hps3/ptmp/Youhua.Tang/tmpnwprd/aqm_cmaq_cs.27977/WETDEP1.CCTM_v531    /gpfs/hps3/ptmp/Youhua.Tang/tmpnwprd/aqm_cmaq_cs.27977/RJ_1.CCTM_v531'
 0.124 + flist3='/gpfs/hps3/ptmp/Youhua.Tang/tmpnwprd/aqm_cmaq_cs.27977/RJ_2.CCTM_v531  /gpfs/hps3/ptmp/Youhua.Tang/tmpnwprd/aqm_cmaq_cs.27977/DUST_EMIS.CCTM_v531    '
 0.124 + flist4='     '
 0.124 + flist='/gpfs/hps3/ptmp/Youhua.Tang/tmpnwprd/aqm_cmaq_cs.27977/CONC.CCTM_v531 /gpfs/hps3/ptmp/Youhua.Tang/tmpnwprd/aqm_cmaq_cs.27977/CGRID.CCTM_v531 /gpfs/hps3/ptmp/Youhua.Tang/tmpnwprd/aqm_cmaq_cs.27977/ACONC.CCTM_v531 /gpfs/hps3/ptmp/Youhua.Tang/tmpnwprd/aqm_cmaq_cs.27977/DRYDEP.CCTM_v531 /gpfs/hps3/ptmp/Youhua.Tang/tmpnwprd/aqm_cmaq_cs.27977/DEPV.CCTM_v531  /gpfs/hps3/ptmp/Youhua.Tang/tmpnwprd/aqm_cmaq_cs.27977/B3GTS_S.CCTM_v531 /gpfs/hps3/ptmp/Youhua.Tang/tmpnwprd/aqm_cmaq_cs.27977/SOILOUT.CCTM_v531 /gpfs/hps3/ptmp/Youhua.Tang/tmpnwprd/aqm_cmaq_cs.27977/WETDEP1.CCTM_v531    /gpfs/hps3/ptmp/Youhua.Tang/tmpnwprd/aqm_cmaq_cs.27977/RJ_1.CCTM_v531 /gpfs/hps3/ptmp/Youhua.Tang/tmpnwprd/aqm_cmaq_cs.27977/RJ_2.CCTM_v531  /gpfs/hps3/ptmp/Youhua.Tang/tmpnwprd/aqm_cmaq_cs.27977/DUST_EMIS.CCTM_v531          '
 0.124 + unalias rm
 0.124 + export ff
 0.124 + [ /gpfs/hps3/ptmp/Youhua.Tang/tmpnwprd/aqm_cmaq_cs.27977/CONC.CCTM_v531 '!=' -v ]
 0.125 + echo /gpfs/hps3/ptmp/Youhua.Tang/tmpnwprd/aqm_cmaq_cs.27977/CONC.CCTM_v531
 0.125 + cut '-d ' -f1
 0.132 + file=/gpfs/hps3/ptmp/Youhua.Tang/tmpnwprd/aqm_cmaq_cs.27977/CONC.CCTM_v531
 0.132 + [ -e /gpfs/hps3/ptmp/Youhua.Tang/tmpnwprd/aqm_cmaq_cs.27977/CONC.CCTM_v531 ]
 0.133 + [ /gpfs/hps3/ptmp/Youhua.Tang/tmpnwprd/aqm_cmaq_cs.27977/CGRID.CCTM_v531 '!=' -v ]
 0.133 + echo /gpfs/hps3/ptmp/Youhua.Tang/tmpnwprd/aqm_cmaq_cs.27977/CGRID.CCTM_v531
 0.133 + cut '-d ' -f1
 0.141 + file=/gpfs/hps3/ptmp/Youhua.Tang/tmpnwprd/aqm_cmaq_cs.27977/CGRID.CCTM_v531
 0.141 + [ -e /gpfs/hps3/ptmp/Youhua.Tang/tmpnwprd/aqm_cmaq_cs.27977/CGRID.CCTM_v531 ]
 0.141 + [ /gpfs/hps3/ptmp/Youhua.Tang/tmpnwprd/aqm_cmaq_cs.27977/ACONC.CCTM_v531 '!=' -v ]
 0.142 + echo /gpfs/hps3/ptmp/Youhua.Tang/tmpnwprd/aqm_cmaq_cs.27977/ACONC.CCTM_v531
 0.142 + cut '-d ' -f1
 0.149 + file=/gpfs/hps3/ptmp/Youhua.Tang/tmpnwprd/aqm_cmaq_cs.27977/ACONC.CCTM_v531
 0.149 + [ -e /gpfs/hps3/ptmp/Youhua.Tang/tmpnwprd/aqm_cmaq_cs.27977/ACONC.CCTM_v531 ]
 0.150 + [ /gpfs/hps3/ptmp/Youhua.Tang/tmpnwprd/aqm_cmaq_cs.27977/DRYDEP.CCTM_v531 '!=' -v ]
 0.150 + echo /gpfs/hps3/ptmp/Youhua.Tang/tmpnwprd/aqm_cmaq_cs.27977/DRYDEP.CCTM_v531
 0.150 + cut '-d ' -f1
 0.157 + file=/gpfs/hps3/ptmp/Youhua.Tang/tmpnwprd/aqm_cmaq_cs.27977/DRYDEP.CCTM_v531
 0.157 + [ -e /gpfs/hps3/ptmp/Youhua.Tang/tmpnwprd/aqm_cmaq_cs.27977/DRYDEP.CCTM_v531 ]
 0.158 + [ /gpfs/hps3/ptmp/Youhua.Tang/tmpnwprd/aqm_cmaq_cs.27977/DEPV.CCTM_v531 '!=' -v ]
 0.158 + echo /gpfs/hps3/ptmp/Youhua.Tang/tmpnwprd/aqm_cmaq_cs.27977/DEPV.CCTM_v531
 0.158 + cut '-d ' -f1
 0.166 + file=/gpfs/hps3/ptmp/Youhua.Tang/tmpnwprd/aqm_cmaq_cs.27977/DEPV.CCTM_v531
 0.166 + [ -e /gpfs/hps3/ptmp/Youhua.Tang/tmpnwprd/aqm_cmaq_cs.27977/DEPV.CCTM_v531 ]
 0.167 + [ /gpfs/hps3/ptmp/Youhua.Tang/tmpnwprd/aqm_cmaq_cs.27977/B3GTS_S.CCTM_v531 '!=' -v ]
 0.167 + echo /gpfs/hps3/ptmp/Youhua.Tang/tmpnwprd/aqm_cmaq_cs.27977/B3GTS_S.CCTM_v531
 0.167 + cut '-d ' -f1
 0.175 + file=/gpfs/hps3/ptmp/Youhua.Tang/tmpnwprd/aqm_cmaq_cs.27977/B3GTS_S.CCTM_v531
 0.175 + [ -e /gpfs/hps3/ptmp/Youhua.Tang/tmpnwprd/aqm_cmaq_cs.27977/B3GTS_S.CCTM_v531 ]
 0.175 + [ /gpfs/hps3/ptmp/Youhua.Tang/tmpnwprd/aqm_cmaq_cs.27977/SOILOUT.CCTM_v531 '!=' -v ]
 0.175 + echo /gpfs/hps3/ptmp/Youhua.Tang/tmpnwprd/aqm_cmaq_cs.27977/SOILOUT.CCTM_v531
 0.175 + cut '-d ' -f1
 0.183 + file=/gpfs/hps3/ptmp/Youhua.Tang/tmpnwprd/aqm_cmaq_cs.27977/SOILOUT.CCTM_v531
 0.183 + [ -e /gpfs/hps3/ptmp/Youhua.Tang/tmpnwprd/aqm_cmaq_cs.27977/SOILOUT.CCTM_v531 ]
 0.184 + [ /gpfs/hps3/ptmp/Youhua.Tang/tmpnwprd/aqm_cmaq_cs.27977/WETDEP1.CCTM_v531 '!=' -v ]
 0.184 + echo /gpfs/hps3/ptmp/Youhua.Tang/tmpnwprd/aqm_cmaq_cs.27977/WETDEP1.CCTM_v531
 0.184 + cut '-d ' -f1
 0.191 + file=/gpfs/hps3/ptmp/Youhua.Tang/tmpnwprd/aqm_cmaq_cs.27977/WETDEP1.CCTM_v531
 0.191 + [ -e /gpfs/hps3/ptmp/Youhua.Tang/tmpnwprd/aqm_cmaq_cs.27977/WETDEP1.CCTM_v531 ]
 0.192 + [ /gpfs/hps3/ptmp/Youhua.Tang/tmpnwprd/aqm_cmaq_cs.27977/RJ_1.CCTM_v531 '!=' -v ]
 0.192 + echo /gpfs/hps3/ptmp/Youhua.Tang/tmpnwprd/aqm_cmaq_cs.27977/RJ_1.CCTM_v531
 0.192 + cut '-d ' -f1
 0.200 + file=/gpfs/hps3/ptmp/Youhua.Tang/tmpnwprd/aqm_cmaq_cs.27977/RJ_1.CCTM_v531
 0.200 + [ -e /gpfs/hps3/ptmp/Youhua.Tang/tmpnwprd/aqm_cmaq_cs.27977/RJ_1.CCTM_v531 ]
 0.200 + [ /gpfs/hps3/ptmp/Youhua.Tang/tmpnwprd/aqm_cmaq_cs.27977/RJ_2.CCTM_v531 '!=' -v ]
 0.201 + echo /gpfs/hps3/ptmp/Youhua.Tang/tmpnwprd/aqm_cmaq_cs.27977/RJ_2.CCTM_v531
 0.201 + cut '-d ' -f1
 0.209 + file=/gpfs/hps3/ptmp/Youhua.Tang/tmpnwprd/aqm_cmaq_cs.27977/RJ_2.CCTM_v531
 0.209 + [ -e /gpfs/hps3/ptmp/Youhua.Tang/tmpnwprd/aqm_cmaq_cs.27977/RJ_2.CCTM_v531 ]
 0.209 + [ /gpfs/hps3/ptmp/Youhua.Tang/tmpnwprd/aqm_cmaq_cs.27977/DUST_EMIS.CCTM_v531 '!=' -v ]
 0.210 + echo /gpfs/hps3/ptmp/Youhua.Tang/tmpnwprd/aqm_cmaq_cs.27977/DUST_EMIS.CCTM_v531
 0.210 + cut '-d ' -f1
 0.217 + file=/gpfs/hps3/ptmp/Youhua.Tang/tmpnwprd/aqm_cmaq_cs.27977/DUST_EMIS.CCTM_v531
 0.217 + [ -e /gpfs/hps3/ptmp/Youhua.Tang/tmpnwprd/aqm_cmaq_cs.27977/DUST_EMIS.CCTM_v531 ]
 0.218 + msg='Starting CMAQ Forecast at F00 out to F'
 0.218 + postmsg /gpfs/hps3/ptmp/Youhua.Tang/com/logs/jlogfiles/jlogfile.27977 'Starting CMAQ Forecast at F00 out to F'
/gpfs/hps/nco/ops/nwprod/prod_util.v1.1.0/ush/postmsg: line 30: /gpfs/hps3/ptmp/Youhua.Tang/com/logs/jlogfiles/jlogfile.27977: No such file or directory
 0.241 + startmsg
/gpfs/hps/nco/ops/nwprod/prod_util.v1.1.0/ush/postmsg: line 30: /gpfs/hps3/ptmp/Youhua.Tang/com/logs/jlogfiles/jlogfile.27977: No such file or directory
 0.275 + echo 'EXECUTE X.u2c'
 0.276 + MEMORY_AFFINITY=MCM
 0.276 + export MEMORY_AFFINITY
 0.276 + aprun -n576 /gpfs/hps3/emc/naqfc/noscrub/Youhua.Tang/nwdev/NAQFC-WCOSS/exec/aqm_fcst_v531.debug
 0.278 + 1>> OUTPUT.24648 2> errfile
User defined signal 2
